<?xml version="1.0" encoding="UTF-8"?>
<testsuite name="MouseActions" tests="1" skipped="0" failures="0" errors="0" timestamp="2023-02-10T10:48:22" hostname="SUMATHAD-LAP" time="17.966">
  <properties/>
  <testcase name="MouseActionsTest()" classname="MouseActions" time="17.966"/>
  <system-out><![CDATA[]]></system-out>
  <system-err><![CDATA[[Test worker] INFO io.github.bonigarcia.wdm.WebDriverManager - Using chromedriver 109.0.5414.74 (resolved driver for Chrome 109)
[Test worker] INFO io.github.bonigarcia.wdm.WebDriverManager - Exporting webdriver.chrome.driver as C:\Users\sumathad.ORADEV\.cache\selenium\chromedriver\win32\109.0.5414.74\chromedriver.exe
Starting ChromeDriver 109.0.5414.74 (e7c5703604daa9cc128ccf5a5d3e993513758913-refs/branch-heads/5414@{#1172}) on port 21049
Only local connections are allowed.
Please see https://chromedriver.chromium.org/security-considerations for suggestions on keeping ChromeDriver safe.
ChromeDriver was started successfully.
]]></system-err>
</testsuite>
